<?xml version="1.0" encoding="UTF-8"?>
<!-- Generated by org.testng.reporters.JUnitReportReporter -->
<testsuite hostname="DESKTOP-C6MAJAT" failures="0" tests="2" name="seleexamples.seleniumsec" time="4.751" errors="0" timestamp="2022-09-18T16:52:49 IST" skipped="0">
  <testcase classname="seleexamples.seleniumsec" name="method1" time="2.543"/>
  <system-out/>
  <testcase classname="seleexamples.seleniumsec" name="method2" time="2.208"/>
  <system-out/>
</testsuite> <!-- seleexamples.seleniumsec -->
